0 info it worked if it ends with ok
1 verbose cli [ '/Users/ronikurniawan/.nvm/versions/node/v6.3.1/bin/node',
1 verbose cli   '/Users/ronikurniawan/.nvm/versions/node/v6.3.1/bin/npm',
1 verbose cli   'publish' ]
2 info using npm@3.10.3
3 info using node@v6.3.1
4 verbose publish [ '.' ]
5 silly cache add args [ '.', null ]
6 verbose cache add spec .
7 silly cache add parsed spec Result {
7 silly cache add   raw: '.',
7 silly cache add   scope: null,
7 silly cache add   escapedName: null,
7 silly cache add   name: null,
7 silly cache add   rawSpec: '.',
7 silly cache add   spec: '/Users/ronikurniawan/Documents/repositories/merapi-plugin-loggly',
7 silly cache add   type: 'directory' }
8 verbose addLocalDirectory /Users/ronikurniawan/.npm/merapi-plugin-loggly/0.0.1/package.tgz not in flight; packing
9 verbose correctMkdir /Users/ronikurniawan/.npm correctMkdir not in flight; initializing
10 info lifecycle merapi-plugin-loggly@0.0.1~prepublish: merapi-plugin-loggly@0.0.1
11 silly lifecycle merapi-plugin-loggly@0.0.1~prepublish: no script for prepublish, continuing
12 verbose tar pack [ '/Users/ronikurniawan/.npm/merapi-plugin-loggly/0.0.1/package.tgz',
12 verbose tar pack   '/Users/ronikurniawan/Documents/repositories/merapi-plugin-loggly' ]
13 verbose tarball /Users/ronikurniawan/.npm/merapi-plugin-loggly/0.0.1/package.tgz
14 verbose folder /Users/ronikurniawan/Documents/repositories/merapi-plugin-loggly
15 verbose addLocalTarball adding from inside cache /Users/ronikurniawan/.npm/merapi-plugin-loggly/0.0.1/package.tgz
16 verbose correctMkdir /Users/ronikurniawan/.npm correctMkdir not in flight; initializing
17 silly cache afterAdd merapi-plugin-loggly@0.0.1
18 verbose afterAdd /Users/ronikurniawan/.npm/merapi-plugin-loggly/0.0.1/package/package.json not in flight; writing
19 verbose correctMkdir /Users/ronikurniawan/.npm correctMkdir not in flight; initializing
20 verbose afterAdd /Users/ronikurniawan/.npm/merapi-plugin-loggly/0.0.1/package/package.json written
21 silly publish { name: 'merapi-plugin-loggly',
21 silly publish   version: '0.0.1',
21 silly publish   main: 'index.js',
21 silly publish   scripts: { test: 'istanbul cover ./node_modules/.bin/_mocha -- -R spec' },
21 silly publish   author: '',
21 silly publish   license: 'ISC',
21 silly publish   dependencies:
21 silly publish    { '@yesboss/merapi': '^0.10.6',
21 silly publish      loggly: '^1.1.1',
21 silly publish      winston: '^2.2.0',
21 silly publish      'winston-loggly-bulk': '^1.3.3' },
21 silly publish   devDependencies:
21 silly publish    { chai: '^3.5.0',
21 silly publish      istanbul: '^0.4.5',
21 silly publish      mocha: '^3.0.2',
21 silly publish      'sleep-promise': '^2.0.0' },
21 silly publish   directories: { test: 'test' },
21 silly publish   description: '',
21 silly publish   gitHead: '7b35bd9e1352ec55a4f2e6389f7ec1fc69a20ea0',
21 silly publish   readme: 'ERROR: No README data found!',
21 silly publish   _id: 'merapi-plugin-loggly@0.0.1',
21 silly publish   _shasum: '1855a2240b5e1d2344aca0c1707920a0d9ffac35',
21 silly publish   _from: '.' }
22 verbose getPublishConfig undefined
23 silly mapToRegistry name merapi-plugin-loggly
24 silly mapToRegistry using default registry
25 silly mapToRegistry registry https://registry.npmjs.org/
26 silly mapToRegistry data Result {
26 silly mapToRegistry   raw: 'merapi-plugin-loggly',
26 silly mapToRegistry   scope: null,
26 silly mapToRegistry   escapedName: 'merapi-plugin-loggly',
26 silly mapToRegistry   name: 'merapi-plugin-loggly',
26 silly mapToRegistry   rawSpec: '',
26 silly mapToRegistry   spec: 'latest',
26 silly mapToRegistry   type: 'tag' }
27 silly mapToRegistry uri https://registry.npmjs.org/merapi-plugin-loggly
28 verbose publish registryBase https://registry.npmjs.org/
29 silly publish uploading /Users/ronikurniawan/.npm/merapi-plugin-loggly/0.0.1/package.tgz
30 verbose request uri https://registry.npmjs.org/merapi-plugin-loggly
31 verbose request sending authorization for write operation
32 info attempt registry request try #1 at 6:26:01 PM
33 verbose request using bearer token for auth
34 verbose request id 41a491763515c62d
35 http request PUT https://registry.npmjs.org/merapi-plugin-loggly
36 http 403 https://registry.npmjs.org/merapi-plugin-loggly
37 verbose headers { 'content-type': 'application/json',
37 verbose headers   'cache-control': 'max-age=300',
37 verbose headers   'content-length': '95',
37 verbose headers   'accept-ranges': 'bytes',
37 verbose headers   date: 'Tue, 04 Oct 2016 11:26:02 GMT',
37 verbose headers   via: '1.1 varnish',
37 verbose headers   connection: 'keep-alive',
37 verbose headers   'x-served-by': 'cache-sin6923-SIN',
37 verbose headers   'x-cache': 'MISS',
37 verbose headers   'x-cache-hits': '0',
37 verbose headers   'x-timer': 'S1475580361.449299,VS0,VE857',
37 verbose headers   vary: 'Accept-Encoding' }
38 verbose request invalidating /Users/ronikurniawan/.npm/registry.npmjs.org/merapi-plugin-loggly on PUT
39 error publish Failed PUT 403
40 verbose stack Error: "You cannot publish over the previously published version 0.0.1." : merapi-plugin-loggly
40 verbose stack     at makeError (/Users/ronikurniawan/.nvm/versions/node/v6.3.1/lib/node_modules/npm/node_modules/npm-registry-client/lib/request.js:264:12)
40 verbose stack     at CachingRegistryClient.<anonymous> (/Users/ronikurniawan/.nvm/versions/node/v6.3.1/lib/node_modules/npm/node_modules/npm-registry-client/lib/request.js:252:14)
40 verbose stack     at Request._callback (/Users/ronikurniawan/.nvm/versions/node/v6.3.1/lib/node_modules/npm/node_modules/npm-registry-client/lib/request.js:172:14)
40 verbose stack     at Request.self.callback (/Users/ronikurniawan/.nvm/versions/node/v6.3.1/lib/node_modules/npm/node_modules/request/request.js:200:22)
40 verbose stack     at emitTwo (events.js:106:13)
40 verbose stack     at Request.emit (events.js:191:7)
40 verbose stack     at Request.<anonymous> (/Users/ronikurniawan/.nvm/versions/node/v6.3.1/lib/node_modules/npm/node_modules/request/request.js:1067:10)
40 verbose stack     at emitOne (events.js:101:20)
40 verbose stack     at Request.emit (events.js:188:7)
40 verbose stack     at IncomingMessage.<anonymous> (/Users/ronikurniawan/.nvm/versions/node/v6.3.1/lib/node_modules/npm/node_modules/request/request.js:988:12)
41 verbose statusCode 403
42 verbose pkgid merapi-plugin-loggly
43 verbose cwd /Users/ronikurniawan/Documents/repositories/merapi-plugin-loggly
44 error Darwin 15.6.0
45 error argv "/Users/ronikurniawan/.nvm/versions/node/v6.3.1/bin/node" "/Users/ronikurniawan/.nvm/versions/node/v6.3.1/bin/npm" "publish"
46 error node v6.3.1
47 error npm  v3.10.3
48 error code E403
49 error "You cannot publish over the previously published version 0.0.1." : merapi-plugin-loggly
50 error If you need help, you may report this error at:
50 error     <https://github.com/npm/npm/issues>
51 verbose exit [ 1, true ]
